<?xml version="1.0" encoding="UTF-8"?>
<testsuite xmlns:xsi="http://www.w3.org/2001/XMLSchema-instance" xsi:noNamespaceSchemaLocation="https://maven.apache.org/surefire/maven-surefire-plugin/xsd/surefire-test-report.xsd" version="3.0.2" name="com.veeresh.volunteers.VolunteersApplicationTests" time="6.264" tests="1" errors="0" skipped="0" failures="0">
  <properties>
[...]
</properties>
  <testcase name="contextLoads" classname="com.veeresh.volunteers.VolunteersApplicationTests" time="0.405">
    <system-out><![CDATA[14:51:32.694 [main] INFO org.springframework.test.context.support.AnnotationConfigContextLoaderUtils -- Could not detect default configuration classes for test class [com.veeresh.volunteers.VolunteersApplicationTests]: VolunteersApplicationTests does not declare any static, non-private, non-final, nested classes annotated with @Configuration.
14:51:32.871 [main] INFO org.springframework.boot.test.context.SpringBootTestContextBootstrapper -- Found @SpringBootConfiguration com.veeresh.volunteers.VolunteersApplication for test class com.veeresh.volunteers.VolunteersApplicationTests

  .   ____          _            __ _ _
 /\\ / ___'_ __ _ _(_)_ __  __ _ \ \ \ \
( ( )\___ | '_ | '_| | '_ \/ _` | \ \ \ \
 \\/  ___)| |_)| | | | | || (_| |  ) ) ) )
  '  |____| .__|_| |_|_| |_\__, | / / / /
 =========|_|==============|___/=/_/_/_/

 :: Spring Boot ::                (v4.0.3)

2026-02-28T14:51:33.402+05:30  INFO 26328 --- [volunteers] [           main] c.v.v.VolunteersApplicationTests         : Starting VolunteersApplicationTests using Java 24.0.2 with PID 26328 (started by Rajeshwari Salagar in C:\Users\Rajeshwari Salagar\Desktop\Veeresh\backend\volunteers)
2026-02-28T14:51:33.405+05:30  INFO 26328 --- [volunteers] [           main] c.v.v.VolunteersApplicationTests         : No active profile set, falling back to 1 default profile: "default"
2026-02-28T14:51:34.351+05:30  INFO 26328 --- [volunteers] [           main] .s.d.r.c.RepositoryConfigurationDelegate : Bootstrapping Spring Data JPA repositories in DEFAULT mode.
2026-02-28T14:51:34.452+05:30  INFO 26328 --- [volunteers] [           main] .s.d.r.c.RepositoryConfigurationDelegate : Finished Spring Data repository scanning in 84 ms. Found 1 JPA repository interface.
2026-02-28T14:51:35.049+05:30  INFO 26328 --- [volunteers] [           main] org.hibernate.orm.jpa                    : HHH008540: Processing PersistenceUnitInfo [name: default]
2026-02-28T14:51:35.135+05:30  INFO 26328 --- [volunteers] [           main] org.hibernate.orm.core                   : HHH000001: Hibernate ORM core version 7.2.4.Final
2026-02-28T14:51:35.847+05:30  INFO 26328 --- [volunteers] [           main] o.s.o.j.p.SpringPersistenceUnitInfo      : No LoadTimeWeaver setup: ignoring JPA class transformer
2026-02-28T14:51:35.888+05:30  INFO 26328 --- [volunteers] [           main] com.zaxxer.hikari.HikariDataSource       : HikariPool-1 - Starting...
2026-02-28T14:51:36.070+05:30  INFO 26328 --- [volunteers] [           main] com.zaxxer.hikari.pool.HikariPool        : HikariPool-1 - Added connection conn0: url=jdbc:h2:mem:testdb user=SA
2026-02-28T14:51:36.072+05:30  INFO 26328 --- [volunteers] [           main] com.zaxxer.hikari.HikariDataSource       : HikariPool-1 - Start completed.
2026-02-28T14:51:36.135+05:30  INFO 26328 --- [volunteers] [           main] org.hibernate.orm.connections.pooling    : HHH10001005: Database info:
	Database JDBC URL [jdbc:h2:mem:testdb]
	Database driver: H2 JDBC Driver
	Database dialect: H2Dialect
	Database version: 2.4.240
	Default catalog/schema: TESTDB/PUBLIC
	Autocommit mode: undefined/unknown
	Isolation level: READ_COMMITTED [default READ_COMMITTED]
	JDBC fetch size: 100
	Pool: DataSourceConnectionProvider
	Minimum pool size: undefined/unknown
	Maximum pool size: undefined/unknown
2026-02-28T14:51:37.268+05:30  INFO 26328 --- [volunteers] [           main] org.hibernate.orm.core                   : HHH000489: No JTA platform available (set 'hibernate.transaction.jta.platform' to enable JTA platform integration)
Hibernate: create table volunteer (id bigint generated by default as identity, email varchar(255), name varchar(255), primary key (id))
2026-02-28T14:51:37.347+05:30  INFO 26328 --- [volunteers] [           main] j.LocalContainerEntityManagerFactoryBean : Initialized JPA EntityManagerFactory for persistence unit 'default'
2026-02-28T14:51:37.470+05:30  INFO 26328 --- [volunteers] [           main] o.s.d.j.r.query.QueryEnhancerFactories   : Hibernate is in classpath; If applicable, HQL parser will be used.
2026-02-28T14:51:37.705+05:30  WARN 26328 --- [volunteers] [           main] JpaBaseConfiguration$JpaWebConfiguration : spring.jpa.open-in-view is enabled by default. Therefore, database queries may be performed during view rendering. Explicitly configure spring.jpa.open-in-view to disable this warning
2026-02-28T14:51:38.180+05:30  INFO 26328 --- [volunteers] [           main] o.s.b.h.a.H2ConsoleAutoConfiguration     : H2 console available at '/h2-console'. Database available at 'jdbc:h2:mem:testdb'
2026-02-28T14:51:38.292+05:30  INFO 26328 --- [volunteers] [           main] c.v.v.VolunteersApplicationTests         : Started VolunteersApplicationTests in 5.203 seconds (process running for 6.679)
]]></system-out>
    <system-err><![CDATA[Mockito is currently self-attaching to enable the inline-mock-maker. This will no longer work in future releases of the JDK. Please add Mockito as an agent to your build as described in Mockito's documentation: https://javadoc.io/doc/org.mockito/mockito-core/latest/org.mockito/org/mockito/Mockito.html#0.3
WARNING: A Java agent has been loaded dynamically (C:\Users\Rajeshwari Salagar\.m2\repository\net\bytebuddy\byte-buddy-agent\1.17.8\byte-buddy-agent-1.17.8.jar)
WARNING: If a serviceability tool is in use, please run with -XX:+EnableDynamicAgentLoading to hide this warning
WARNING: If a serviceability tool is not in use, please run with -Djdk.instrument.traceUsage for more information
WARNING: Dynamic loading of agents will be disallowed by default in a future release
]]></system-err>
  </testcase>
</testsuite>